<?xml version="1.0" encoding="UTF-8"?>
<testsuite xmlns:xsi="http://www.w3.org/2001/XMLSchema-instance" xsi:noNamespaceSchemaLocation="https://maven.apache.org/surefire/maven-surefire-plugin/xsd/surefire-test-report-3.0.xsd" version="3.0" name="com.esimedia.features.user_management.services.ManagementServiceTest" time="0.522" tests="59" errors="0" skipped="0" failures="0">
  <properties>
[...]
</properties>
  <testcase name="adminUpdateAdminProfile_deberiaLanzarExcepcionSiAdminNoExiste" classname="com.esimedia.features.user_management.services.ManagementServiceTest" time="0.113">
    <system-out><![CDATA[2025-12-03 00:17:11 INFO  c.e.f.u.services.ManagementService - [ADMIN-UPDATE-ADMIN-PROFILE] Administrador actualizando perfil de otro administrador: a1
]]></system-out>
  </testcase>
  <testcase name="updateNormalUserProfile_deberiaActualizarApellidos" classname="com.esimedia.features.user_management.services.ManagementServiceTest" time="0.01">
    <system-out><![CDATA[2025-12-03 00:17:11 INFO  c.e.f.u.services.ManagementService - [UPDATE-PROFILE] Actualizando perfil de usuario: u1
2025-12-03 00:17:11 INFO  c.e.f.u.services.ManagementService - [UPDATE-PROFILE] Perfil actualizado exitosamente para usuario: u1
]]></system-out>
  </testcase>
  <testcase name="adminUpdateUserProfile_deberiaLanzarExcepcionSiIntentaCambiarFlagVIP" classname="com.esimedia.features.user_management.services.ManagementServiceTest" time="0.004">
    <system-out><![CDATA[2025-12-03 00:17:11 INFO  c.e.f.u.services.ManagementService - [ADMIN-UPDATE-PROFILE] Administrador actualizando perfil de usuario: u1
]]></system-out>
  </testcase>
  <testcase name="updateAdminProfile_deberiaLanzarExcepcionSiAliasEnUsoEnUsuarioNormal" classname="com.esimedia.features.user_management.services.ManagementServiceTest" time="0.006">
    <system-out><![CDATA[2025-12-03 00:17:11 INFO  c.e.f.u.services.ManagementService - [UPDATE-ADMIN-PROFILE] Actualizando perfil de administrador: a1
]]></system-out>
  </testcase>
  <testcase name="testToggleCreatorBlock_success" classname="com.esimedia.features.user_management.services.ManagementServiceTest" time="0.006">
    <system-out><![CDATA[2025-12-03 00:17:11 INFO  c.e.f.u.services.ManagementService - [TOGGLE-BLOCK] Bloqueando creador: c1
2025-12-03 00:17:11 INFO  c.e.f.u.services.ManagementService - [TOGGLE-BLOCK] Creador c1 bloqueado exitosamente
]]></system-out>
  </testcase>
  <testcase name="updateNormalUserProfile_deberiaLanzarExcepcionSiUsuarioNoExiste" classname="com.esimedia.features.user_management.services.ManagementServiceTest" time="0.003">
    <system-out><![CDATA[2025-12-03 00:17:11 INFO  c.e.f.u.services.ManagementService - [UPDATE-PROFILE] Actualizando perfil de usuario: u1
]]></system-out>
  </testcase>
  <testcase name="deleteUserSelf_deberiaLanzarExcepcionSiUsuarioNoExiste" classname="com.esimedia.features.user_management.services.ManagementServiceTest" time="0.006">
    <system-out><![CDATA[2025-12-03 00:17:11 INFO  c.e.f.u.services.ManagementService - [HARD-DELETE-SELF] Usuario auto-eliminación: u1
]]></system-out>
  </testcase>
  <testcase name="testGetUserVipStatus_notFound" classname="com.esimedia.features.user_management.services.ManagementServiceTest" time="0.007">
    <system-out><![CDATA[2025-12-03 00:17:11 INFO  c.e.f.u.services.ManagementService - [VIP-STATUS-GET] Obteniendo estado VIP para usuario: none
]]></system-out>
  </testcase>
  <testcase name="updateCreatorProfile_deberiaLanzarExcepcionSiAliasCreadorEnUso" classname="com.esimedia.features.user_management.services.ManagementServiceTest" time="0.007">
    <system-out><![CDATA[2025-12-03 00:17:11 INFO  c.e.f.u.services.ManagementService - [UPDATE-CREATOR-PROFILE] Actualizando perfil de creador: c1
]]></system-out>
  </testcase>
  <testcase name="testToggleCreatorBlock_notFound" classname="com.esimedia.features.user_management.services.ManagementServiceTest" time="0.011">
    <system-out><![CDATA[2025-12-03 00:17:11 INFO  c.e.f.u.services.ManagementService - [TOGGLE-BLOCK] Bloqueando creador: notFound
]]></system-out>
  </testcase>
  <testcase name="testDeleteAdminAsAdmin_selfDelete_notAllowed" classname="com.esimedia.features.user_management.services.ManagementServiceTest" time="0.007">
    <system-out><![CDATA[2025-12-03 00:17:11 INFO  c.e.f.u.services.ManagementService - [HARD-DELETE-ADMIN] Administrador a1 eliminando a administrador a1
]]></system-out>
  </testcase>
  <testcase name="adminUpdateUserProfile_deberiaActualizarFechaNacimiento" classname="com.esimedia.features.user_management.services.ManagementServiceTest" time="0.004">
    <system-out><![CDATA[2025-12-03 00:17:11 INFO  c.e.f.u.services.ManagementService - [ADMIN-UPDATE-PROFILE] Administrador actualizando perfil de usuario: u1
2025-12-03 00:17:11 INFO  c.e.f.u.services.ManagementService - [ADMIN-UPDATE-PROFILE] Perfil actualizado exitosamente por admin para usuario: u1
]]></system-out>
  </testcase>
  <testcase name="updateCreatorProfile_deberiaLanzarExcepcionSiAliasEnUsoEnOtroCreador" classname="com.esimedia.features.user_management.services.ManagementServiceTest" time="0.011">
    <system-out><![CDATA[2025-12-03 00:17:11 INFO  c.e.f.u.services.ManagementService - [UPDATE-CREATOR-PROFILE] Actualizando perfil de creador: c1
]]></system-out>
  </testcase>
  <testcase name="findCreatorById_deberiaRetornarOptional" classname="com.esimedia.features.user_management.services.ManagementServiceTest" time="0.002"/>
  <testcase name="adminUpdateUserProfile_deberiaLanzarExcepcionSiAliasEnUso" classname="com.esimedia.features.user_management.services.ManagementServiceTest" time="0.005">
    <system-out><![CDATA[2025-12-03 00:17:11 INFO  c.e.f.u.services.ManagementService - [ADMIN-UPDATE-PROFILE] Administrador actualizando perfil de usuario: u1
]]></system-out>
  </testcase>
  <testcase name="updateNormalUserProfile_deberiaLanzarExcepcionSiIntentaCambiarFlagVIP" classname="com.esimedia.features.user_management.services.ManagementServiceTest" time="0.003">
    <system-out><![CDATA[2025-12-03 00:17:11 INFO  c.e.f.u.services.ManagementService - [UPDATE-PROFILE] Actualizando perfil de usuario: u1
]]></system-out>
  </testcase>
  <testcase name="getUserById_deberiaLanzarExcepcionCuandoNoExiste" classname="com.esimedia.features.user_management.services.ManagementServiceTest" time="0.004"/>
  <testcase name="adminUpdateCreatorProfile_deberiaLanzarExcepcionSiCreadorNoExiste" classname="com.esimedia.features.user_management.services.ManagementServiceTest" time="0.005">
    <system-out><![CDATA[2025-12-03 00:17:11 INFO  c.e.f.u.services.ManagementService - [ADMIN-UPDATE-CREATOR-PROFILE] Administrador actualizando perfil de creador: c1
]]></system-out>
  </testcase>
  <testcase name="updateNormalUserProfile_deberiaPermitirMismoAliasParaMismoUsuario" classname="com.esimedia.features.user_management.services.ManagementServiceTest" time="0.007">
    <system-out><![CDATA[2025-12-03 00:17:11 INFO  c.e.f.u.services.ManagementService - [UPDATE-PROFILE] Actualizando perfil de usuario: u1
2025-12-03 00:17:11 INFO  c.e.f.u.services.ManagementService - [UPDATE-PROFILE] Perfil actualizado exitosamente para usuario: u1
]]></system-out>
  </testcase>
  <testcase name="adminUpdateAdminProfile_deberiaLanzarExcepcionSiAliasEnUsoEnCreador" classname="com.esimedia.features.user_management.services.ManagementServiceTest" time="0.006">
    <system-out><![CDATA[2025-12-03 00:17:11 INFO  c.e.f.u.services.ManagementService - [ADMIN-UPDATE-ADMIN-PROFILE] Administrador actualizando perfil de otro administrador: a1
]]></system-out>
  </testcase>
  <testcase name="adminUpdateUserProfile_deberiaActualizarNombre" classname="com.esimedia.features.user_management.services.ManagementServiceTest" time="0.003">
    <system-out><![CDATA[2025-12-03 00:17:11 INFO  c.e.f.u.services.ManagementService - [ADMIN-UPDATE-PROFILE] Administrador actualizando perfil de usuario: u1
2025-12-03 00:17:11 INFO  c.e.f.u.services.ManagementService - [ADMIN-UPDATE-PROFILE] Perfil actualizado exitosamente por admin para usuario: u1
]]></system-out>
  </testcase>
  <testcase name="adminUpdateUserProfile_deberiaLanzarExcepcionSiUsuarioNoExiste" classname="com.esimedia.features.user_management.services.ManagementServiceTest" time="0.003">
    <system-out><![CDATA[2025-12-03 00:17:11 INFO  c.e.f.u.services.ManagementService - [ADMIN-UPDATE-PROFILE] Administrador actualizando perfil de usuario: u1
]]></system-out>
  </testcase>
  <testcase name="adminUpdateCreatorProfile_deberiaActualizarAliasCreador" classname="com.esimedia.features.user_management.services.ManagementServiceTest" time="0.002">
    <system-out><![CDATA[2025-12-03 00:17:11 INFO  c.e.f.u.services.ManagementService - [ADMIN-UPDATE-CREATOR-PROFILE] Administrador actualizando perfil de creador: c1
2025-12-03 00:17:11 INFO  c.e.f.u.services.ManagementService - [ADMIN-UPDATE-CREATOR-PROFILE] Perfil actualizado exitosamente por admin para creador: c1
]]></system-out>
  </testcase>
  <testcase name="updateAdminProfile_deberiaActualizarNombre" classname="com.esimedia.features.user_management.services.ManagementServiceTest" time="0.002">
    <system-out><![CDATA[2025-12-03 00:17:11 INFO  c.e.f.u.services.ManagementService - [UPDATE-ADMIN-PROFILE] Actualizando perfil de administrador: a1
2025-12-03 00:17:11 INFO  c.e.f.u.services.ManagementService - [UPDATE-ADMIN-PROFILE] Perfil actualizado exitosamente para administrador: a1
]]></system-out>
  </testcase>
  <testcase name="userExists_deberiaRetornarFalseCuandoNoExiste" classname="com.esimedia.features.user_management.services.ManagementServiceTest" time="0.002"/>
  <testcase name="deleteCreatorAsAdmin_deberiaLanzarExcepcionSiCreadorNoExiste" classname="com.esimedia.features.user_management.services.ManagementServiceTest" time="0.003">
    <system-out><![CDATA[2025-12-03 00:17:11 INFO  c.e.f.u.services.ManagementService - [HARD-DELETE-ADMIN] Eliminando creador por admin: c1
]]></system-out>
  </testcase>
  <testcase name="updateNormalUserProfile_deberiaActualizarNombre" classname="com.esimedia.features.user_management.services.ManagementServiceTest" time="0.004">
    <system-out><![CDATA[2025-12-03 00:17:11 INFO  c.e.f.u.services.ManagementService - [UPDATE-PROFILE] Actualizando perfil de usuario: u1
2025-12-03 00:17:11 INFO  c.e.f.u.services.ManagementService - [UPDATE-PROFILE] Perfil actualizado exitosamente para usuario: u1
]]></system-out>
  </testcase>
  <testcase name="testDeleteAdminAsAdmin_adminToDeleteNotFound" classname="com.esimedia.features.user_management.services.ManagementServiceTest" time="0.015">
    <system-out><![CDATA[2025-12-03 00:17:11 INFO  c.e.f.u.services.ManagementService - [HARD-DELETE-ADMIN] Administrador admin2 eliminando a administrador a404
]]></system-out>
  </testcase>
  <testcase name="findAdminById_deberiaRetornarOptional" classname="com.esimedia.features.user_management.services.ManagementServiceTest" time="0.002"/>
  <testcase name="deleteCreatorAsAdmin_deberiaEliminarCreadorYSusSesiones" classname="com.esimedia.features.user_management.services.ManagementServiceTest" time="0.003">
    <system-out><![CDATA[2025-12-03 00:17:11 INFO  c.e.f.u.services.ManagementService - [HARD-DELETE-ADMIN] Eliminando creador por admin: c1
2025-12-03 00:17:11 INFO  c.e.f.u.services.ManagementService - [HARD-DELETE-ADMIN] Creador eliminado por admin: c1
]]></system-out>
  </testcase>
  <testcase name="testDeleteAdminAsAdmin_success" classname="com.esimedia.features.user_management.services.ManagementServiceTest" time="0.002">
    <system-out><![CDATA[2025-12-03 00:17:11 INFO  c.e.f.u.services.ManagementService - [HARD-DELETE-ADMIN] Administrador adminMain eliminando a administrador a1
2025-12-03 00:17:11 INFO  c.e.f.u.services.ManagementService - [HARD-DELETE-ADMIN] Administrador eliminado exitosamente: a1
]]></system-out>
  </testcase>
  <testcase name="updateCreatorProfile_deberiaActualizarDescripcion" classname="com.esimedia.features.user_management.services.ManagementServiceTest" time="0.002">
    <system-out><![CDATA[2025-12-03 00:17:11 INFO  c.e.f.u.services.ManagementService - [UPDATE-CREATOR-PROFILE] Actualizando perfil de creador: c1
2025-12-03 00:17:11 INFO  c.e.f.u.services.ManagementService - [UPDATE-CREATOR-PROFILE] Perfil actualizado exitosamente para creador: c1
]]></system-out>
  </testcase>
  <testcase name="adminUpdateAdminProfile_deberiaLanzarExcepcionSiAliasEnUsoEnUsuarioNormal" classname="com.esimedia.features.user_management.services.ManagementServiceTest" time="0.006">
    <system-out><![CDATA[2025-12-03 00:17:11 INFO  c.e.f.u.services.ManagementService - [ADMIN-UPDATE-ADMIN-PROFILE] Administrador actualizando perfil de otro administrador: a1
]]></system-out>
  </testcase>
  <testcase name="testChangeUserVipStatus_notFound" classname="com.esimedia.features.user_management.services.ManagementServiceTest" time="0.011">
    <system-out><![CDATA[2025-12-03 00:17:11 INFO  c.e.f.u.services.ManagementService - [VIP-STATUS-CHANGE] Cambiando estado VIP para usuario: unknown a: true
]]></system-out>
  </testcase>
  <testcase name="updateAdminProfile_deberiaActualizarAlias" classname="com.esimedia.features.user_management.services.ManagementServiceTest" time="0.005">
    <system-out><![CDATA[2025-12-03 00:17:11 INFO  c.e.f.u.services.ManagementService - [UPDATE-ADMIN-PROFILE] Actualizando perfil de administrador: a1
2025-12-03 00:17:11 INFO  c.e.f.u.services.ManagementService - [UPDATE-ADMIN-PROFILE] Perfil actualizado exitosamente para administrador: a1
]]></system-out>
  </testcase>
  <testcase name="updateNormalUserProfile_deberiaActualizarAlias" classname="com.esimedia.features.user_management.services.ManagementServiceTest" time="0.002">
    <system-out><![CDATA[2025-12-03 00:17:11 INFO  c.e.f.u.services.ManagementService - [UPDATE-PROFILE] Actualizando perfil de usuario: u1
2025-12-03 00:17:11 INFO  c.e.f.u.services.ManagementService - [UPDATE-PROFILE] Perfil actualizado exitosamente para usuario: u1
]]></system-out>
  </testcase>
  <testcase name="deleteCreatorSelf_deberiaLanzarExcepcionSiCreadorNoExiste" classname="com.esimedia.features.user_management.services.ManagementServiceTest" time="0.003">
    <system-out><![CDATA[2025-12-03 00:17:11 INFO  c.e.f.u.services.ManagementService - [HARD-DELETE-SELF] Creador auto-eliminación: c1
]]></system-out>
  </testcase>
  <testcase name="updateCreatorProfile_deberiaLanzarExcepcionSiCreadorNoExiste" classname="com.esimedia.features.user_management.services.ManagementServiceTest" time="0.005">
    <system-out><![CDATA[2025-12-03 00:17:11 INFO  c.e.f.u.services.ManagementService - [UPDATE-CREATOR-PROFILE] Actualizando perfil de creador: c1
]]></system-out>
  </testcase>
  <testcase name="testDeleteAdminAsAdmin_onlyOneAdmin" classname="com.esimedia.features.user_management.services.ManagementServiceTest" time="0.008">
    <system-out><![CDATA[2025-12-03 00:17:11 INFO  c.e.f.u.services.ManagementService - [HARD-DELETE-ADMIN] Administrador admin2 eliminando a administrador a1
]]></system-out>
  </testcase>
  <testcase name="toggleUserBlock_deberiaDesbloquearUsuario" classname="com.esimedia.features.user_management.services.ManagementServiceTest" time="0.015">
    <system-out><![CDATA[2025-12-03 00:17:11 INFO  c.e.f.u.services.ManagementService - [TOGGLE-BLOCK] Desbloqueando usuario: u1
2025-12-03 00:17:11 INFO  c.e.f.u.services.ManagementService - [TOGGLE-BLOCK] Usuario u1 desbloqueado exitosamente
]]></system-out>
  </testcase>
  <testcase name="updateNormalUserProfile_deberiaActualizarFechaNacimiento" classname="com.esimedia.features.user_management.services.ManagementServiceTest" time="0.004">
    <system-out><![CDATA[2025-12-03 00:17:11 INFO  c.e.f.u.services.ManagementService - [UPDATE-PROFILE] Actualizando perfil de usuario: u1
2025-12-03 00:17:11 INFO  c.e.f.u.services.ManagementService - [UPDATE-PROFILE] Perfil actualizado exitosamente para usuario: u1
]]></system-out>
  </testcase>
  <testcase name="adminUpdateAdminProfile_deberiaPermitirMismoAliasParaMismoAdmin" classname="com.esimedia.features.user_management.services.ManagementServiceTest" time="0.002">
    <system-out><![CDATA[2025-12-03 00:17:11 INFO  c.e.f.u.services.ManagementService - [ADMIN-UPDATE-ADMIN-PROFILE] Administrador actualizando perfil de otro administrador: a1
2025-12-03 00:17:11 INFO  c.e.f.u.services.ManagementService - [ADMIN-UPDATE-ADMIN-PROFILE] Perfil actualizado exitosamente por admin para administrador: a1
]]></system-out>
  </testcase>
  <testcase name="userExists_deberiaRetornarTrueCuandoExiste" classname="com.esimedia.features.user_management.services.ManagementServiceTest" time="0.002"/>
  <testcase name="updateNormalUserProfile_deberiaLanzarExcepcionSiAliasEnUso" classname="com.esimedia.features.user_management.services.ManagementServiceTest" time="0.011">
    <system-out><![CDATA[2025-12-03 00:17:11 INFO  c.e.f.u.services.ManagementService - [UPDATE-PROFILE] Actualizando perfil de usuario: u1
]]></system-out>
  </testcase>
  <testcase name="deleteUserSelf_deberiaEliminarUsuarioYSusSesiones" classname="com.esimedia.features.user_management.services.ManagementServiceTest" time="0.01">
    <system-out><![CDATA[2025-12-03 00:17:11 INFO  c.e.f.u.services.ManagementService - [HARD-DELETE-SELF] Usuario auto-eliminación: u1
2025-12-03 00:17:11 INFO  c.e.f.u.services.ManagementService - [HARD-DELETE-SELF] Usuario auto-eliminado exitosamente: u1
]]></system-out>
  </testcase>
  <testcase name="adminUpdateCreatorProfile_deberiaActualizarDescripcion" classname="com.esimedia.features.user_management.services.ManagementServiceTest" time="0.009">
    <system-out><![CDATA[2025-12-03 00:17:11 INFO  c.e.f.u.services.ManagementService - [ADMIN-UPDATE-CREATOR-PROFILE] Administrador actualizando perfil de creador: c1
2025-12-03 00:17:11 INFO  c.e.f.u.services.ManagementService - [ADMIN-UPDATE-CREATOR-PROFILE] Perfil actualizado exitosamente por admin para creador: c1
]]></system-out>
  </testcase>
  <testcase name="deleteCreatorSelf_deberiaEliminarCreadorYSusSesiones" classname="com.esimedia.features.user_management.services.ManagementServiceTest" time="0.019">
    <system-out><![CDATA[2025-12-03 00:17:11 INFO  c.e.f.u.services.ManagementService - [HARD-DELETE-SELF] Creador auto-eliminación: c1
2025-12-03 00:17:11 INFO  c.e.f.u.services.ManagementService - [HARD-DELETE-SELF] Creador auto-eliminado exitosamente: c1
]]></system-out>
  </testcase>
  <testcase name="updateAdminProfile_deberiaActualizarApellidos" classname="com.esimedia.features.user_management.services.ManagementServiceTest" time="0.008">
    <system-out><![CDATA[2025-12-03 00:17:11 INFO  c.e.f.u.services.ManagementService - [UPDATE-ADMIN-PROFILE] Actualizando perfil de administrador: a1
2025-12-03 00:17:11 INFO  c.e.f.u.services.ManagementService - [UPDATE-ADMIN-PROFILE] Perfil actualizado exitosamente para administrador: a1
]]></system-out>
  </testcase>
  <testcase name="adminUpdateUserProfile_deberiaActualizarApellidos" classname="com.esimedia.features.user_management.services.ManagementServiceTest" time="0.004">
    <system-out><![CDATA[2025-12-03 00:17:11 INFO  c.e.f.u.services.ManagementService - [ADMIN-UPDATE-PROFILE] Administrador actualizando perfil de usuario: u1
2025-12-03 00:17:11 INFO  c.e.f.u.services.ManagementService - [ADMIN-UPDATE-PROFILE] Perfil actualizado exitosamente por admin para usuario: u1
]]></system-out>
  </testcase>
  <testcase name="toggleUserBlock_deberiaBloquearYGuardarUsuario" classname="com.esimedia.features.user_management.services.ManagementServiceTest" time="0.002">
    <system-out><![CDATA[2025-12-03 00:17:11 INFO  c.e.f.u.services.ManagementService - [TOGGLE-BLOCK] Bloqueando usuario: u1
2025-12-03 00:17:11 INFO  c.e.f.u.services.ManagementService - [TOGGLE-BLOCK] Usuario u1 bloqueado exitosamente
]]></system-out>
  </testcase>
  <testcase name="updateCreatorProfile_deberiaActualizarAliasCreador" classname="com.esimedia.features.user_management.services.ManagementServiceTest" time="0.006">
    <system-out><![CDATA[2025-12-03 00:17:11 INFO  c.e.f.u.services.ManagementService - [UPDATE-CREATOR-PROFILE] Actualizando perfil de creador: c1
2025-12-03 00:17:11 INFO  c.e.f.u.services.ManagementService - [UPDATE-CREATOR-PROFILE] Perfil actualizado exitosamente para creador: c1
]]></system-out>
  </testcase>
  <testcase name="updateCreatorProfile_deberiaLanzarExcepcionSiAliasEnUsoEnUsuarioNormal" classname="com.esimedia.features.user_management.services.ManagementServiceTest" time="0.009">
    <system-out><![CDATA[2025-12-03 00:17:11 INFO  c.e.f.u.services.ManagementService - [UPDATE-CREATOR-PROFILE] Actualizando perfil de creador: c1
]]></system-out>
  </testcase>
  <testcase name="toggleUserBlock_deberiaLanzarExcepcionCuandoUsuarioNoExiste" classname="com.esimedia.features.user_management.services.ManagementServiceTest" time="0.015">
    <system-out><![CDATA[2025-12-03 00:17:11 INFO  c.e.f.u.services.ManagementService - [TOGGLE-BLOCK] Bloqueando usuario: u1
]]></system-out>
  </testcase>
  <testcase name="testChangeUserVipStatus_success" classname="com.esimedia.features.user_management.services.ManagementServiceTest" time="0.008">
    <system-out><![CDATA[2025-12-03 00:17:11 INFO  c.e.f.u.services.ManagementService - [VIP-STATUS-CHANGE] Cambiando estado VIP para usuario: u1 a: true
2025-12-03 00:17:11 INFO  c.e.f.u.services.ManagementService - [VIP-STATUS-CHANGE] Estado VIP cambiado exitosamente a true para usuario: u1
]]></system-out>
  </testcase>
  <testcase name="adminUpdateUserProfile_deberiaActualizarAlias" classname="com.esimedia.features.user_management.services.ManagementServiceTest" time="0.003">
    <system-out><![CDATA[2025-12-03 00:17:11 INFO  c.e.f.u.services.ManagementService - [ADMIN-UPDATE-PROFILE] Administrador actualizando perfil de usuario: u1
2025-12-03 00:17:11 INFO  c.e.f.u.services.ManagementService - [ADMIN-UPDATE-PROFILE] Perfil actualizado exitosamente por admin para usuario: u1
]]></system-out>
  </testcase>
  <testcase name="adminUpdateAdminProfile_deberiaActualizarAlias" classname="com.esimedia.features.user_management.services.ManagementServiceTest" time="0.006">
    <system-out><![CDATA[2025-12-03 00:17:11 INFO  c.e.f.u.services.ManagementService - [ADMIN-UPDATE-ADMIN-PROFILE] Administrador actualizando perfil de otro administrador: a1
2025-12-03 00:17:11 INFO  c.e.f.u.services.ManagementService - [ADMIN-UPDATE-ADMIN-PROFILE] Perfil actualizado exitosamente por admin para administrador: a1
]]></system-out>
  </testcase>
  <testcase name="adminUpdateAdminProfile_deberiaLanzarExcepcionSiAliasEnUsoEnOtroAdmin" classname="com.esimedia.features.user_management.services.ManagementServiceTest" time="0.005">
    <system-out><![CDATA[2025-12-03 00:17:11 INFO  c.e.f.u.services.ManagementService - [ADMIN-UPDATE-ADMIN-PROFILE] Administrador actualizando perfil de otro administrador: a1
]]></system-out>
  </testcase>
  <testcase name="getUserById_deberiaRetornarUsuarioCuandoExiste" classname="com.esimedia.features.user_management.services.ManagementServiceTest" time="0.01"/>
  <testcase name="testGetUserVipStatus_success" classname="com.esimedia.features.user_management.services.ManagementServiceTest" time="0.006">
    <system-out><![CDATA[2025-12-03 00:17:11 INFO  c.e.f.u.services.ManagementService - [VIP-STATUS-GET] Obteniendo estado VIP para usuario: u1
]]></system-out>
  </testcase>
</testsuite>