<?xml version="1.0" encoding="UTF-8"?>
<testsuite xmlns:xsi="http://www.w3.org/2001/XMLSchema-instance" xsi:noNamespaceSchemaLocation="https://maven.apache.org/surefire/maven-surefire-plugin/xsd/surefire-test-report-3.0.xsd" version="3.0" name="com.esimedia.features.content.services.ValoracionServiceTest" time="0.06" tests="16" errors="0" skipped="0" failures="0">
  <properties>
[...]
</properties>
  <testcase name="testValorarContenido_InvalidValoracionLow" classname="com.esimedia.features.content.services.ValoracionServiceTest" time="0.004"/>
  <testcase name="testGetValoracionMedia_NotFound" classname="com.esimedia.features.content.services.ValoracionServiceTest" time="0.003"/>
  <testcase name="testValorarContenido_InvalidValoracionHigh" classname="com.esimedia.features.content.services.ValoracionServiceTest" time="0.004"/>
  <testcase name="testValorarContenido_NewValoracion_Audio" classname="com.esimedia.features.content.services.ValoracionServiceTest" time="0.013"/>
  <testcase name="testValorarContenido_NewValoracion_Video" classname="com.esimedia.features.content.services.ValoracionServiceTest" time="0.005"/>
  <testcase name="testEliminarValoracionesDeUsuario_Audio" classname="com.esimedia.features.content.services.ValoracionServiceTest" time="0.002"/>
  <testcase name="testEliminarValoracionesDeUsuario_Empty" classname="com.esimedia.features.content.services.ValoracionServiceTest" time="0.002"/>
  <testcase name="testEliminarValoracionesDeUsuario_Video" classname="com.esimedia.features.content.services.ValoracionServiceTest" time="0.003"/>
  <testcase name="testActualizarValoracionMedia_Audio" classname="com.esimedia.features.content.services.ValoracionServiceTest" time="0.003"/>
  <testcase name="testActualizarValoracionMedia_Video" classname="com.esimedia.features.content.services.ValoracionServiceTest" time="0.002"/>
  <testcase name="testActualizarValoracionMedia_NoValoraciones" classname="com.esimedia.features.content.services.ValoracionServiceTest" time="0.002"/>
  <testcase name="testValorarContenido_ContentNotFound" classname="com.esimedia.features.content.services.ValoracionServiceTest" time="0.001"/>
  <testcase name="testValorarContenido_UpdateExisting" classname="com.esimedia.features.content.services.ValoracionServiceTest" time="0.001"/>
  <testcase name="testGetValoracionMedia_Audio" classname="com.esimedia.features.content.services.ValoracionServiceTest" time="0.001"/>
  <testcase name="testGetValoracionMedia_Video" classname="com.esimedia.features.content.services.ValoracionServiceTest" time="0.001"/>
  <testcase name="testActualizarValoracionMedia_ContentNotFoundInUpdate" classname="com.esimedia.features.content.services.ValoracionServiceTest" time="0.001"/>
</testsuite>